<?xml version="1.0" encoding="UTF-8"?>
<!-- Generated by org.testng.reporters.JUnitReportReporter -->
<testsuite hostname="SCHATRADI-3W10" failures="0" tests="1" name="ChromeTest1.DownloadTest" time="6.282" errors="0" timestamp="2021-09-14T16:03:12 EDT" skipped="0">
  <testcase classname="ChromeTest1.DownloadTest" name="downloadExampleTest" time="6.282"/>
  <system-out/>
</testsuite> <!-- ChromeTest1.DownloadTest -->
