<?xml version="1.0" encoding="UTF-8"?>
<!-- Generated by org.testng.reporters.JUnitReportReporter -->
<testsuite hostname="SCHATRADI-3W10" failures="0" tests="1" name="ChromeTest1.DownloadTest" time="16.406" errors="0" timestamp="2021-09-14T13:53:25 EDT" skipped="0">
  <testcase classname="ChromeTest1.DownloadTest" name="downloadExampleTest" time="16.406"/>
  <system-out/>
</testsuite> <!-- ChromeTest1.DownloadTest -->
