<?xml version="1.0" encoding="UTF-8"?>
<!-- Generated by org.testng.reporters.JUnitReportReporter -->
<testsuite hostname="SSHARMA-3W10" failures="0" tests="1" name="ChromeTest1.Test1" time="3.849" errors="0" timestamp="2021-09-06T16:17:31 EDT" skipped="0">
  <testcase classname="ChromeTest1.Test1" name="chromeTest" time="3.849"/>
  <system-out/>
</testsuite> <!-- ChromeTest1.Test1 -->
